<?xml version="1.0" encoding="UTF-8"?>
<!-- Generated by org.testng.reporters.JUnitReportReporter -->
<testsuite hostname="Ankit" failures="0" tests="4" name="test_01.HTTPRequests" time="5.536" errors="0" timestamp="2024-09-24T11:07:24 IST" skipped="1">
  <testcase classname="test_01.HTTPRequests" name="createUsers" time="4.023"/>
  <testcase classname="test_01.HTTPRequests" name="updateUser" time="0.480"/>
  <testcase classname="test_01.HTTPRequests" name="getUsers" time="1.033"/>
  <testcase classname="test_01.HTTPRequests" name="deleteUser">
    <skipped/>
  </testcase> <!-- deleteUser -->
</testsuite> <!-- test_01.HTTPRequests -->
